<?xml version="1.0" encoding="UTF-8"?>
<testng-results ignored="0" total="2" passed="2" failed="0" skipped="0">
  <reporter-output>
  </reporter-output>
  <suite started-at="2024-06-08T22:33:24 IST" name="Default suite" finished-at="2024-06-08T22:33:24 IST" duration-ms="149">
    <groups>
    </groups>
    <test started-at="2024-06-08T22:33:24 IST" name="Default test" finished-at="2024-06-08T22:33:24 IST" duration-ms="149">
      <class name="NewTest">
        <test-method signature="test1()[pri:0, instance:NewTest@729d991e]" started-at="2024-06-08T22:33:24 IST" name="test1" finished-at="2024-06-08T22:33:24 IST" duration-ms="24" status="PASS">
          <reporter-output>
          </reporter-output>
        </test-method> <!-- test1 -->
        <test-method signature="test2()[pri:0, instance:NewTest@729d991e]" started-at="2024-06-08T22:33:24 IST" name="test2" finished-at="2024-06-08T22:33:24 IST" duration-ms="2" status="PASS">
          <reporter-output>
          </reporter-output>
        </test-method> <!-- test2 -->
      </class> <!-- NewTest -->
    </test> <!-- Default test -->
  </suite> <!-- Default suite -->
</testng-results>
