<?xml version="1.0" encoding="UTF-8"?>
<testng-results ignored="0" total="1" passed="1" failed="0" skipped="0">
  <reporter-output>
  </reporter-output>
  <suite started-at="2024-06-22T05:49:02 IST" name="Default suite" finished-at="2024-06-22T05:49:05 IST" duration-ms="2861">
    <groups>
    </groups>
    <test started-at="2024-06-22T05:49:02 IST" name="Default test" finished-at="2024-06-22T05:49:05 IST" duration-ms="2861">
      <class name="restassured.SumValidation">
        <test-method signature="SumofValue()[pri:0, instance:restassured.SumValidation@ffaa6af]" started-at="2024-06-22T05:49:02 IST" name="SumofValue" finished-at="2024-06-22T05:49:05 IST" duration-ms="2761" status="PASS">
          <reporter-output>
          </reporter-output>
        </test-method> <!-- SumofValue -->
      </class> <!-- restassured.SumValidation -->
    </test> <!-- Default test -->
  </suite> <!-- Default suite -->
</testng-results>
